{"level":"info","message":"::1 - - [02/Apr/2025:14:23:14 +0000] \"POST /api/users/register HTTP/1.1\" 401 1408 \"-\" \"PostmanRuntime/7.43.3\"","service":"user-service"}
{"level":"info","message":"::1 - - [02/Apr/2025:14:27:28 +0000] \"POST /api/users/register HTTP/1.1\" 201 350 \"-\" \"PostmanRuntime/7.43.3\"","service":"user-service"}
{"level":"info","message":"::1 - - [02/Apr/2025:14:33:32 +0000] \"POST /api/users/login HTTP/1.1\" 200 213 \"-\" \"PostmanRuntime/7.43.3\"","service":"user-service"}
{"level":"info","message":"::1 - - [02/Apr/2025:22:03:01 +0000] \"POST /api/users/register HTTP/1.1\" 201 366 \"-\" \"PostmanRuntime/7.43.3\"","service":"user-service"}
{"level":"info","message":"::1 - - [02/Apr/2025:22:03:33 +0000] \"POST /api/users/login HTTP/1.1\" 200 366 \"-\" \"PostmanRuntime/7.43.3\"","service":"user-service"}
{"level":"info","message":"::1 - - [02/Apr/2025:22:04:21 +0000] \"POST /api/users/login HTTP/1.1\" 200 401 \"-\" \"PostmanRuntime/7.43.3\"","service":"user-service"}
{"level":"info","message":"::1 - - [02/Apr/2025:22:08:05 +0000] \"POST /api/users/logout HTTP/1.1\" 200 37 \"-\" \"PostmanRuntime/7.43.3\"","service":"user-service"}
{"level":"info","message":"::1 - - [02/Apr/2025:22:09:18 +0000] \"POST /api/users/profile HTTP/1.1\" 404 1418 \"-\" \"PostmanRuntime/7.43.3\"","service":"user-service"}
{"level":"info","message":"::1 - - [02/Apr/2025:22:10:28 +0000] \"POST /api/users/login HTTP/1.1\" 200 401 \"-\" \"PostmanRuntime/7.43.3\"","service":"user-service"}
{"level":"info","message":"::1 - - [02/Apr/2025:22:11:00 +0000] \"GET /api/users/login HTTP/1.1\" 404 1414 \"-\" \"PostmanRuntime/7.43.3\"","service":"user-service"}
{"level":"info","message":"::1 - - [02/Apr/2025:22:11:08 +0000] \"GET /api/users/profile HTTP/1.1\" 200 184 \"-\" \"PostmanRuntime/7.43.3\"","service":"user-service"}
{"level":"info","message":"::1 - - [02/Apr/2025:22:11:17 +0000] \"GET /api/users/profile HTTP/1.1\" 200 184 \"-\" \"PostmanRuntime/7.43.3\"","service":"user-service"}
{"level":"info","message":"::1 - - [02/Apr/2025:22:13:19 +0000] \"PUT /api/users/profile HTTP/1.1\" 200 225 \"-\" \"PostmanRuntime/7.43.3\"","service":"user-service"}
{"level":"info","message":"::1 - - [02/Apr/2025:22:15:22 +0000] \"POST /api/users/register HTTP/1.1\" 201 363 \"-\" \"PostmanRuntime/7.43.3\"","service":"user-service"}
{"level":"info","message":"::1 - - [02/Apr/2025:22:15:37 +0000] \"POST /api/users/login HTTP/1.1\" 200 398 \"-\" \"PostmanRuntime/7.43.3\"","service":"user-service"}
{"level":"info","message":"::1 - - [02/Apr/2025:22:16:15 +0000] \"GET /api/users/users HTTP/1.1\" 200 1032 \"-\" \"PostmanRuntime/7.43.3\"","service":"user-service"}
{"level":"info","message":"::1 - - [02/Apr/2025:22:17:41 +0000] \"DELETE /api/users/users/67edb41527c36e76b77cb9d0 HTTP/1.1\" 200 39 \"-\" \"PostmanRuntime/7.43.3\"","service":"user-service"}
{"level":"info","message":"::1 - - [02/Apr/2025:22:18:52 +0000] \"GET /api/users/users HTTP/1.1\" 200 687 \"-\" \"PostmanRuntime/7.43.3\"","service":"user-service"}
{"level":"info","message":"::1 - - [02/Apr/2025:22:19:23 +0000] \"GET /api/users/users/67ed494f1f1563e045bcf1a1 HTTP/1.1\" 200 343 \"-\" \"PostmanRuntime/7.43.3\"","service":"user-service"}
{"level":"info","message":"::1 - - [02/Apr/2025:22:45:40 +0000] \"POST /api/videos HTTP/1.1\" 200 338 \"-\" \"PostmanRuntime/7.43.3\"","service":"user-service"}
{"level":"info","message":"::1 - - [02/Apr/2025:22:47:36 +0000] \"POST /api/videos HTTP/1.1\" 200 335 \"-\" \"PostmanRuntime/7.43.3\"","service":"user-service"}
{"level":"info","message":"::1 - - [02/Apr/2025:22:52:09 +0000] \"POST /api/videos HTTP/1.1\" 200 412 \"-\" \"PostmanRuntime/7.43.3\"","service":"user-service"}
{"level":"info","message":"::1 - - [02/Apr/2025:22:52:57 +0000] \"POST /api/videos HTTP/1.1\" 500 313 \"-\" \"PostmanRuntime/7.43.3\"","service":"user-service"}
{"level":"info","message":"::1 - - [02/Apr/2025:22:55:58 +0000] \"POST /api/videos HTTP/1.1\" 500 313 \"-\" \"PostmanRuntime/7.43.3\"","service":"user-service"}
{"level":"info","message":"::1 - - [02/Apr/2025:23:11:34 +0000] \"POST /api/videos HTTP/1.1\" 500 313 \"-\" \"PostmanRuntime/7.43.3\"","service":"user-service"}
{"level":"info","message":"::1 - - [02/Apr/2025:23:18:23 +0000] \"POST /api/videos HTTP/1.1\" 201 438 \"-\" \"PostmanRuntime/7.43.3\"","service":"user-service"}
{"level":"info","message":"::1 - - [02/Apr/2025:23:22:31 +0000] \"GET /api/videos HTTP/1.1\" 200 440 \"-\" \"PostmanRuntime/7.43.3\"","service":"user-service"}
{"level":"info","message":"::1 - - [02/Apr/2025:23:23:49 +0000] \"GET /api/videos/67edc5bfd707ae3cd845e140 HTTP/1.1\" 200 438 \"-\" \"PostmanRuntime/7.43.3\"","service":"user-service"}
{"level":"info","message":"::1 - - [02/Apr/2025:23:25:28 +0000] \"PUT /api/videos/67edc5bfd707ae3cd845e140 HTTP/1.1\" 200 1278 \"-\" \"PostmanRuntime/7.43.3\"","service":"user-service"}
{"level":"info","message":"::1 - - [02/Apr/2025:23:25:43 +0000] \"PUT /api/videos/67edc5bfd707ae3cd845e140 HTTP/1.1\" 200 1278 \"-\" \"PostmanRuntime/7.43.3\"","service":"user-service"}
{"level":"info","message":"::1 - - [02/Apr/2025:23:27:43 +0000] \"PUT /api/videos/67edc5bfd707ae3cd845e140 HTTP/1.1\" 200 1278 \"-\" \"PostmanRuntime/7.43.3\"","service":"user-service"}
{"level":"info","message":"::1 - - [02/Apr/2025:23:32:19 +0000] \"PUT /api/videos/67edc5bfd707ae3cd845e140 HTTP/1.1\" 200 1278 \"-\" \"PostmanRuntime/7.43.3\"","service":"user-service"}
{"level":"info","message":"::1 - - [02/Apr/2025:23:32:35 +0000] \"POST /api/videos HTTP/1.1\" 201 445 \"-\" \"PostmanRuntime/7.43.3\"","service":"user-service"}
{"level":"info","message":"::1 - - [02/Apr/2025:23:34:05 +0000] \"PUT /api/videos/67edc913613681a4d4dac76a HTTP/1.1\" 200 1278 \"-\" \"PostmanRuntime/7.43.3\"","service":"user-service"}
{"level":"info","message":"::1 - - [02/Apr/2025:23:41:09 +0000] \"POST /api/videos HTTP/1.1\" 201 422 \"-\" \"PostmanRuntime/7.43.3\"","service":"user-service"}
{"level":"info","message":"::1 - - [02/Apr/2025:23:41:54 +0000] \"PUT /api/videos/67edcb15ddc6e939e9440df1 HTTP/1.1\" 200 422 \"-\" \"PostmanRuntime/7.43.3\"","service":"user-service"}
{"level":"info","message":"::1 - - [02/Apr/2025:23:42:32 +0000] \"PUT /api/videos/67edcb15ddc6e939e9440df1 HTTP/1.1\" 200 422 \"-\" \"PostmanRuntime/7.43.3\"","service":"user-service"}
{"level":"info","message":"::1 - - [02/Apr/2025:23:43:35 +0000] \"PUT /api/videos/67edcb15ddc6e939e9440df1 HTTP/1.1\" 200 422 \"-\" \"PostmanRuntime/7.43.3\"","service":"user-service"}
{"level":"info","message":"::1 - - [02/Apr/2025:23:45:20 +0000] \"PUT /api/videos/67edcb15ddc6e939e9440df1 HTTP/1.1\" 200 422 \"-\" \"PostmanRuntime/7.43.3\"","service":"user-service"}
{"level":"info","message":"::1 - - [02/Apr/2025:23:50:27 +0000] \"PUT /api/videos/67edcb15ddc6e939e9440df1 HTTP/1.1\" 200 422 \"-\" \"PostmanRuntime/7.43.3\"","service":"user-service"}
{"level":"info","message":"::1 - - [03/Apr/2025:07:11:24 +0000] \"POST /api/users/register HTTP/1.1\" 201 361 \"-\" \"PostmanRuntime/7.43.3\"","service":"user-service"}
{"level":"info","message":"::1 - - [03/Apr/2025:07:11:44 +0000] \"POST /api/users/login HTTP/1.1\" 200 396 \"-\" \"PostmanRuntime/7.43.3\"","service":"user-service"}
{"level":"info","message":"::1 - - [03/Apr/2025:07:13:38 +0000] \"POST /api/videos HTTP/1.1\" 201 412 \"-\" \"PostmanRuntime/7.43.3\"","service":"user-service"}
{"level":"info","message":"::1 - - [03/Apr/2025:07:14:20 +0000] \"POST /api/videos/67ee3522710b6501e44b822d HTTP/1.1\" 404 1454 \"-\" \"PostmanRuntime/7.43.3\"","service":"user-service"}
{"level":"info","message":"::1 - - [03/Apr/2025:07:14:30 +0000] \"PUT /api/videos/67ee3522710b6501e44b822d HTTP/1.1\" 200 412 \"-\" \"PostmanRuntime/7.43.3\"","service":"user-service"}
{"level":"info","message":"::1 - - [03/Apr/2025:07:17:10 +0000] \"POST /api/videos HTTP/1.1\" 201 416 \"-\" \"PostmanRuntime/7.43.3\"","service":"user-service"}
{"level":"info","message":"::1 - - [03/Apr/2025:07:24:26 +0000] \"POST /api/videos HTTP/1.1\" 201 416 \"-\" \"PostmanRuntime/7.43.3\"","service":"user-service"}
{"level":"info","message":"::1 - - [03/Apr/2025:07:24:41 +0000] \"POST /api/videos HTTP/1.1\" 201 416 \"-\" \"PostmanRuntime/7.43.3\"","service":"user-service"}
{"level":"info","message":"::1 - - [03/Apr/2025:07:24:50 +0000] \"PUT /api/videos HTTP/1.1\" 404 1404 \"-\" \"PostmanRuntime/7.43.3\"","service":"user-service"}
{"level":"info","message":"::1 - - [03/Apr/2025:07:25:00 +0000] \"POST /api/videos HTTP/1.1\" 201 416 \"-\" \"PostmanRuntime/7.43.3\"","service":"user-service"}
{"level":"info","message":"::1 - - [03/Apr/2025:07:25:17 +0000] \"PUT /api/videos/67ee37cc1a1c4cf4efff6935 HTTP/1.1\" 200 1278 \"-\" \"PostmanRuntime/7.43.3\"","service":"user-service"}
{"level":"info","message":"::1 - - [03/Apr/2025:07:30:16 +0000] \"PUT /api/videos/67ee37cc1a1c4cf4efff6935 HTTP/1.1\" 200 409 \"-\" \"PostmanRuntime/7.43.3\"","service":"user-service"}
{"level":"info","message":"::1 - - [03/Apr/2025:07:31:25 +0000] \"PUT /api/videos/67ee37cc1a1c4cf4efff6935 HTTP/1.1\" 200 409 \"-\" \"PostmanRuntime/7.43.3\"","service":"user-service"}
{"level":"info","message":"::1 - - [03/Apr/2025:07:31:57 +0000] \"PUT /api/videos/67ee37cc1a1c4cf4efff6935 HTTP/1.1\" 200 409 \"-\" \"PostmanRuntime/7.43.3\"","service":"user-service"}
{"level":"info","message":"::1 - - [03/Apr/2025:07:38:25 +0000] \"PUT /api/videos/67ee37cc1a1c4cf4efff6935 HTTP/1.1\" 200 579 \"-\" \"PostmanRuntime/7.43.3\"","service":"user-service"}
{"level":"info","message":"::1 - - [03/Apr/2025:07:40:02 +0000] \"PUT /api/videos/67ee37cc1a1c4cf4efff6935 HTTP/1.1\" 200 409 \"-\" \"PostmanRuntime/7.43.3\"","service":"user-service"}
{"level":"info","message":"::1 - - [03/Apr/2025:07:40:21 +0000] \"PUT /api/videos/67ee37cc1a1c4cf4efff6935 HTTP/1.1\" 200 419 \"-\" \"PostmanRuntime/7.43.3\"","service":"user-service"}
{"level":"info","message":"::1 - - [03/Apr/2025:07:41:18 +0000] \"GET /api/videos/67ee37cc1a1c4cf4efff6935 HTTP/1.1\" 200 419 \"-\" \"PostmanRuntime/7.43.3\"","service":"user-service"}
{"level":"info","message":"::1 - - [03/Apr/2025:07:41:25 +0000] \"GET /api/videos HTTP/1.1\" 200 3393 \"-\" \"PostmanRuntime/7.43.3\"","service":"user-service"}
{"level":"info","message":"::1 - - [03/Apr/2025:07:42:06 +0000] \"DELETE /api/videos/67edcb15ddc6e939e9440df1 HTTP/1.1\" 200 27 \"-\" \"PostmanRuntime/7.43.3\"","service":"user-service"}
